1635445015742	geckodriver	INFO	Listening on 127.0.0.1:61130
1635445018797	mozrunner::runner	INFO	Running command: "C:\\Program Files\\Mozilla Firefox\\firefox.exe" "--marionette" "-no-remote" "-profile" "C:\\Users\\RAIMUN~1\\AppData\\Local\\Temp\\rust_mozprofilextudLl"
1635445019432	Marionette	INFO	Marionette enabled
console.warn: SearchSettings: "get: No settings file exists, new profile?" (new NotFoundError("Could not open the file at C:\\Users\\Raimundo Silva\\AppData\\Local\\Temp\\rust_mozprofilextudLl\\search.json.mozlz4", (void 0)))
1635445025777	Marionette	INFO	Listening on port 61138
1635445026452	RemoteAgent	WARN	TLS certificate errors will be ignored for this session
JavaScript warning: https://www.facebook.com/rsrc.php/v3iAmK4/yN/l/pt_BR/DQMlZMIyZtm.js?_nc_x=Ij3Wp8lg5Kz, line 20: WEBGL_debug_renderer_info is deprecated in Firefox and will be removed. Please use RENDERER.
JavaScript warning: https://static.xx.fbcdn.net/rsrc.php/v3iesc4/yL/l/en_US/M-rrgOEJFdZ.js?_nc_x=CEEcMDra3Qo, line 188: WEBGL_debug_renderer_info is deprecated in Firefox and will be removed. Please use RENDERER.
1635445068001	Marionette	INFO	Stopped listening on port 61138
JavaScript error: resource:///modules/Interactions.jsm, line 201: NS_ERROR_FAILURE: Component returned failure code: 0x80004005 (NS_ERROR_FAILURE) [nsIUserIdleService.removeIdleObserver]

###!!! [Child][RunMessage] Error: Channel closing: too late to send/recv, messages will be lost


###!!! [Child][RunMessage] Error: Channel closing: too late to send/recv, messages will be lost


###!!! [Child][RunMessage] Error: Channel closing: too late to send/recv, messages will be lost


###!!! [Child][RunMessage] Error: Channel closing: too late to send/recv, messages will be lost


###!!! [Child][RunMessage] Error: Channel closing: too late to send/recv, messages will be lost


###!!! [Child][RunMessage] Error: Channel closing: too late to send/recv, messages will be lost


###!!! [Child][RunMessage] Error: Channel closing: too late to send/recv, messages will be lost

1635445072242	geckodriver	INFO	Listening on 127.0.0.1:61220
1635445075318	mozrunner::runner	INFO	Running command: "C:\\Program Files\\Mozilla Firefox\\firefox.exe" "--marionette" "-no-remote" "-profile" "C:\\Users\\RAIMUN~1\\AppData\\Local\\Temp\\rust_mozprofilemkLfq8"
1635445076685	Marionette	INFO	Marionette enabled
console.warn: SearchSettings: "get: No settings file exists, new profile?" (new NotFoundError("Could not open the file at C:\\Users\\Raimundo Silva\\AppData\\Local\\Temp\\rust_mozprofilemkLfq8\\search.json.mozlz4", (void 0)))
1635445083198	Marionette	INFO	Listening on port 61228
1635445083884	RemoteAgent	WARN	TLS certificate errors will be ignored for this session
JavaScript warning: https://static.xx.fbcdn.net/rsrc.php/v3iAmK4/yN/l/pt_BR/DQMlZMIyZtm.js?_nc_x=Ij3Wp8lg5Kz, line 20: WEBGL_debug_renderer_info is deprecated in Firefox and will be removed. Please use RENDERER.
JavaScript warning: https://static.xx.fbcdn.net/rsrc.php/v3iesc4/yL/l/en_US/M-rrgOEJFdZ.js?_nc_x=CEEcMDra3Qo, line 188: WEBGL_debug_renderer_info is deprecated in Firefox and will be removed. Please use RENDERER.
1635445116909	Marionette	INFO	Stopped listening on port 61228
JavaScript error: resource:///modules/Interactions.jsm, line 201: NS_ERROR_FAILURE: Component returned failure code: 0x80004005 (NS_ERROR_FAILURE) [nsIUserIdleService.removeIdleObserver]

###!!! [Parent][MessageChannel] Error: (msgtype=0x39007A,name=PContent::Msg_DestroyBrowsingContextGroup) Closed channel: cannot send/recv


###!!! [Child][MessageChannel] Error: (msgtype=0x23002F,name=PBrowser::Msg___delete__) Channel closing: too late to send/recv, messages will be lost

1635445119111	geckodriver	INFO	Listening on 127.0.0.1:61311
1635445122173	mozrunner::runner	INFO	Running command: "C:\\Program Files\\Mozilla Firefox\\firefox.exe" "--marionette" "-no-remote" "-profile" "C:\\Users\\RAIMUN~1\\AppData\\Local\\Temp\\rust_mozprofileVYacTX"
1635445123268	Marionette	INFO	Marionette enabled
console.warn: SearchSettings: "get: No settings file exists, new profile?" (new NotFoundError("Could not open the file at C:\\Users\\Raimundo Silva\\AppData\\Local\\Temp\\rust_mozprofileVYacTX\\search.json.mozlz4", (void 0)))
1635445128997	Marionette	INFO	Listening on port 61319
1635445129637	RemoteAgent	WARN	TLS certificate errors will be ignored for this session
JavaScript warning: https://static.xx.fbcdn.net/rsrc.php/v3iAmK4/yN/l/pt_BR/DQMlZMIyZtm.js?_nc_x=Ij3Wp8lg5Kz, line 20: WEBGL_debug_renderer_info is deprecated in Firefox and will be removed. Please use RENDERER.
JavaScript warning: https://static.xx.fbcdn.net/rsrc.php/v3iesc4/yL/l/en_US/M-rrgOEJFdZ.js?_nc_x=CEEcMDra3Qo, line 188: WEBGL_debug_renderer_info is deprecated in Firefox and will be removed. Please use RENDERER.
1635445149922	Marionette	INFO	Stopped listening on port 61319
JavaScript error: resource:///modules/Interactions.jsm, line 201: NS_ERROR_FAILURE: Component returned failure code: 0x80004005 (NS_ERROR_FAILURE) [nsIUserIdleService.removeIdleObserver]

###!!! [Child][MessageChannel] Error: (msgtype=0x590008,name=PHttpChannel::Msg_DeletingChannel) Channel closing: too late to send/recv, messages will be lost


###!!! [Parent][MessageChannel] Error: (msgtype=0x39007A,name=PContent::Msg_DestroyBrowsingContextGroup) Closed channel: cannot send/recv


###!!! [Child][RunMessage] Error: Channel closing: too late to send/recv, messages will be lost


###!!! [Child][RunMessage] Error: Channel closing: too late to send/recv, messages will be lost


###!!! [Child][RunMessage] Error: Channel closing: too late to send/recv, messages will be lost


###!!! [Child][RunMessage] Error: Channel closing: too late to send/recv, messages will be lost


###!!! [Child][RunMessage] Error: Channel closing: too late to send/recv, messages will be lost


###!!! [Child][RunMessage] Error: Channel closing: too late to send/recv, messages will be lost


###!!! [Child][MessageChannel] Error: (msgtype=0x390145,name=PContent::Msg_ScriptError) Channel closing: too late to send/recv, messages will be lost


###!!! [Child][RunMessage] Error: Channel closing: too late to send/recv, messages will be lost


###!!! [Child][RunMessage] Error: Channel closing: too late to send/recv, messages will be lost


###!!! [Child][MessageChannel] Error: (msgtype=0x590006,name=PHttpChannel::Msg_DocumentChannelCleanup) Channel closing: too late to send/recv, messages will be lost


###!!! [Child][MessageChannel] Error: (msgtype=0x590006,name=PHttpChannel::Msg_DocumentChannelCleanup) Channel closing: too late to send/recv, messages will be lost

1635445155569	geckodriver	INFO	Listening on 127.0.0.1:61400
1635445158691	mozrunner::runner	INFO	Running command: "C:\\Program Files\\Mozilla Firefox\\firefox.exe" "--marionette" "-no-remote" "-profile" "C:\\Users\\RAIMUN~1\\AppData\\Local\\Temp\\rust_mozprofile0InJJo"
1635445159288	Marionette	INFO	Marionette enabled
console.warn: SearchSettings: "get: No settings file exists, new profile?" (new NotFoundError("Could not open the file at C:\\Users\\Raimundo Silva\\AppData\\Local\\Temp\\rust_mozprofile0InJJo\\search.json.mozlz4", (void 0)))
1635445164675	Marionette	INFO	Listening on port 61408
1635445165144	RemoteAgent	WARN	TLS certificate errors will be ignored for this session
JavaScript warning: https://static.xx.fbcdn.net/rsrc.php/v3iAmK4/yN/l/pt_BR/DQMlZMIyZtm.js?_nc_x=Ij3Wp8lg5Kz, line 20: WEBGL_debug_renderer_info is deprecated in Firefox and will be removed. Please use RENDERER.
1635445520948	Marionette	INFO	Stopped listening on port 61408
JavaScript error: resource:///modules/Interactions.jsm, line 201: NS_ERROR_FAILURE: Component returned failure code: 0x80004005 (NS_ERROR_FAILURE) [nsIUserIdleService.removeIdleObserver]
console.warn: TopSitesFeed: Failed to fetch data from Contile server: NetworkError when attempting to fetch resource.
le exists, new profile?" (new NotFoundError("Could not open the file at C:\\Users\\Raimundo Silva\\AppData\\Local\\Temp\\rust_mozprofilelYVRdW\\search.json.mozlz4", (void 0)))
1635445361445	Marionette	INFO	Listening on port 61484
1635445362045	RemoteAgent	WARN	TLS certificate errors will be ignored for this session
JavaScript warning: https://static.xx.fbcdn.net/rsrc.php/v3iAmK4/yN/l/pt_BR/DQMlZMIyZtm.js?_nc_x=Ij3Wp8lg5Kz, line 20: WEBGL_debug_renderer_info is deprecated in Firefox and will be removed. Please use RENDERER.
JavaScript warning: https://static.xx.fbcdn.net/rsrc.php/v3iesc4/yL/l/en_US/M-rrgOEJFdZ.js?_nc_x=CEEcMDra3Qo, line 188: WEBGL_debug_renderer_info is deprecated in Firefox and will be removed. Please use RENDERER.
1635445383228	Marionette	INFO	Stopped listening on port 61484
JavaScript error: resource:///modules/Interactions.jsm, line 201: NS_ERROR_FAILURE: Component returned failure code: 0x80004005 (NS_ERROR_FAILURE) [nsIUserIdleService.removeIdleObserver]

###!!! [Parent][MessageChannel] Error: (msgtype=0x39007A,name=PContent::Msg_DestroyBrowsingContextGroup) Closed channel: cannot send/recv


###!!! [Child][RunMessage] Error: Channel closing: too late to send/recv, messages will be lost


###!!! [Child][RunMessage] Error: Channel closing: too late to send/recv, messages will be lost


###!!! [Child][RunMessage] Error: Channel closing: too late to send/recv, messages will be lost


###!!! [Child][RunMessage] Error: Channel closing: too late to send/recv, messages will be lost


###!!! [Child][RunMessage] Error: Channel closing: too late to send/recv, messages will be lost


###!!! [Child][RunMessage] Error: Channel closing: too late to send/recv, messages will be lost


###!!! [Child][RunMessage] Error: Channel closing: too late to send/recv, messages will be lost


###!!! [Child][RunMessage] Error: Channel closing: too late to send/recv, messages will be lost


###!!! [Child][RunMessage] Error: Channel closing: too late to send/recv, messages will be lost


###!!! [Child][RunMessage] Error: Channel closing: too late to send/recv, messages will be lost


###!!! [Child][RunMessage] Error: Channel closing: too late to send/recv, messages will be lost


###!!! [Child][RunMessage] Error: Channel closing: too late to send/recv, messages will be lost

1635445390190	geckodriver	INFO	Listening on 127.0.0.1:61563
1635445393169	mozrunner::runner	INFO	Running command: "C:\\Program Files\\Mozilla Firefox\\firefox.exe" "--marionette" "-no-remote" "-profile" "C:\\Users\\RAIMUN~1\\AppData\\Local\\Temp\\rust_mozprofilepMDWE6"
1635445394015	Marionette	INFO	Marionette enabled
console.warn: SearchSettings: "get: No settings file exists, new profile?" (new NotFoundError("Could not open the file at C:\\Users\\Raimundo Silva\\AppData\\Local\\Temp\\rust_mozprofilepMDWE6\\search.json.mozlz4", (void 0)))
1635445399828	Marionette	INFO	Listening on port 61571
1635445400589	RemoteAgent	WARN	TLS certificate errors will be ignored for this session
JavaScript warning: https://www.facebook.com/rsrc.php/v3iAmK4/yN/l/pt_BR/DQMlZMIyZtm.js?_nc_x=Ij3Wp8lg5Kz, line 20: WEBGL_debug_renderer_info is deprecated in Firefox and will be removed. Please use RENDERER.
1635445485625	Marionette	INFO	Stopped listening on port 61571
JavaScript error: resource:///modules/Interactions.jsm, line 201: NS_ERROR_FAILURE: Component returned failure code: 0x80004005 (NS_ERROR_FAILURE) [nsIUserIdleService.removeIdleObserver]
console.warn: TopSitesFeed: Failed to fetch data from Contile server: NetworkError when attempting to fetch resource.

###!!! [Child][MessageChannel] Error: (msgtype=0x590004,name=PHttpChannel::Msg_Cancel) Channel closing: too late to send/recv, messages will be lost


###!!! [Child][MessageChannel] Error: (msgtype=0x590008,name=PHttpChannel::Msg_DeletingChannel) Channel closing: too late to send/recv, messages will be lost

n
JavaScript warning: https://static.xx.fbcdn.net/rsrc.php/v3iAmK4/yN/l/pt_BR/DQMlZMIyZtm.js?_nc_x=Ij3Wp8lg5Kz, line 20: WEBGL_debug_renderer_info is deprecated in Firefox and will be removed. Please use RENDERER.
JavaScript warning: https://static.xx.fbcdn.net/rsrc.php/v3iesc4/yL/l/en_US/M-rrgOEJFdZ.js?_nc_x=CEEcMDra3Qo, line 188: WEBGL_debug_renderer_info is deprecated in Firefox and will be removed. Please use RENDERER.
1635445482127	Marionette	INFO	Stopped listening on port 61627
JavaScript error: resource:///modules/Interactions.jsm, line 201: NS_ERROR_FAILURE: Component returned failure code: 0x80004005 (NS_ERROR_FAILURE) [nsIUserIdleService.removeIdleObserver]

###!!! [Child][RunMessage] Error: Channel closing: too late to send/recv, messages will be lost


###!!! [Child][MessageChannel] Error: (msgtype=0x590008,name=PHttpChannel::Msg_DeletingChannel) Channel closing: too late to send/recv, messages will be lost


###!!! [Parent][MessageChannel] Error: (msgtype=0x39007A,name=PContent::Msg_DestroyBrowsingContextGroup) Closed channel: cannot send/recv


###!!! [Child][RunMessage] Error: Channel closing: too late to send/recv, messages will be lost


###!!! [Child][RunMessage] Error: Channel closing: too late to send/recv, messages will be lost


###!!! [Child][RunMessage] Error: Channel closing: too late to send/recv, messages will be lost


###!!! [Child][RunMessage] Error: Channel closing: too late to send/recv, messages will be lost


###!!! [Child][RunMessage] Error: Channel closing: too late to send/recv, messages will be lost


###!!! [Child][RunMessage] Error: Channel closing: too late to send/recv, messages will be lost


###!!! [Child][RunMessage] Error: Channel closing: too late to send/recv, messages will be lost


###!!! [Child][RunMessage] Error: Channel closing: too late to send/recv, messages will be lost


###!!! [Child][RunMessage] Error: Channel closing: too late to send/recv, messages will be lost


###!!! [Child][RunMessage] Error: Channel closing: too late to send/recv, messages will be lost


###!!! [Child][RunMessage] Error: Channel closing: too late to send/recv, messages will be lost


###!!! [Child][RunMessage] Error: Channel closing: too late to send/recv, messages will be lost


###!!! [Child][RunMessage] Error: Channel closing: too late to send/recv, messages will be lost


###!!! [Child][RunMessage] Error: Channel closing: too late to send/recv, messages will be lost

1635445488210	geckodriver	INFO	Listening on 127.0.0.1:61719
1635445491242	mozrunner::runner	INFO	Running command: "C:\\Program Files\\Mozilla Firefox\\firefox.exe" "--marionette" "-no-remote" "-profile" "C:\\Users\\RAIMUN~1\\AppData\\Local\\Temp\\rust_mozprofileIy10Qs"
1635445492510	Marionette	INFO	Marionette enabled
console.warn: SearchSettings: "get: No settings file exists, new profile?" (new NotFoundError("Could not open the file at C:\\Users\\Raimundo Silva\\AppData\\Local\\Temp\\rust_mozprofileIy10Qs\\search.json.mozlz4", (void 0)))
1635445498114	Marionette	INFO	Listening on port 61727
1635445498842	RemoteAgent	WARN	TLS certificate errors will be ignored for this session
JavaScript warning: https://static.xx.fbcdn.net/rsrc.php/v3iAmK4/yN/l/pt_BR/DQMlZMIyZtm.js?_nc_x=Ij3Wp8lg5Kz, line 20: WEBGL_debug_renderer_info is deprecated in Firefox and will be removed. Please use RENDERER.
1635445521705	Marionette	INFO	Stopped listening on port 61727
JavaScript error: resource:///modules/Interactions.jsm, line 201: NS_ERROR_FAILURE: Component returned failure code: 0x80004005 (NS_ERROR_FAILURE) [nsIUserIdleService.removeIdleObserver]
console.warn: TopSitesFeed: Failed to fetch data from Contile server: NetworkError when attempting to fetch resource.

###!!! [Child][RunMessage] Error: Channel closing: too late to send/recv, messages will be lost

1635445955947	geckodriver	INFO	Listening on 127.0.0.1:61844
1635445959028	mozrunner::runner	INFO	Running command: "C:\\Program Files\\Mozilla Firefox\\firefox.exe" "--marionette" "-no-remote" "-profile" "C:\\Users\\RAIMUN~1\\AppData\\Local\\Temp\\rust_mozprofileA5smsU"
1635445959730	Marionette	INFO	Marionette enabled
console.warn: SearchSettings: "get: No settings file exists, new profile?" (new NotFoundError("Could not open the file at C:\\Users\\Raimundo Silva\\AppData\\Local\\Temp\\rust_mozprofileA5smsU\\search.json.mozlz4", (void 0)))
1635445966857	Marionette	INFO	Listening on port 61852
1635445967317	RemoteAgent	WARN	TLS certificate errors will be ignored for this session
JavaScript warning: https://static.xx.fbcdn.net/rsrc.php/v3iAmK4/yN/l/pt_BR/DQMlZMIyZtm.js?_nc_x=Ij3Wp8lg5Kz, line 20: WEBGL_debug_renderer_info is deprecated in Firefox and will be removed. Please use RENDERER.
JavaScript warning: https://static.xx.fbcdn.net/rsrc.php/v3iesc4/yL/l/en_US/M-rrgOEJFdZ.js?_nc_x=CEEcMDra3Qo, line 188: WEBGL_debug_renderer_info is deprecated in Firefox and will be removed. Please use RENDERER.
1635445989769	Marionette	INFO	Stopped listening on port 61852
JavaScript error: resource:///modules/Interactions.jsm, line 201: NS_ERROR_FAILURE: Component returned failure code: 0x80004005 (NS_ERROR_FAILURE) [nsIUserIdleService.removeIdleObserver]

###!!! [Parent][MessageChannel] Error: (msgtype=0x39007A,name=PContent::Msg_DestroyBrowsingContextGroup) Closed channel: cannot send/recv


###!!! [Child][RunMessage] Error: Channel closing: too late to send/recv, messages will be lost


###!!! [Child][RunMessage] Error: Channel closing: too late to send/recv, messages will be lost


###!!! [Child][RunMessage] Error: Channel closing: too late to send/recv, messages will be lost


###!!! [Child][RunMessage] Error: Channel closing: too late to send/recv, messages will be lost


###!!! [Child][RunMessage] Error: Channel closing: too late to send/recv, messages will be lost


###!!! [Child][RunMessage] Error: Channel closing: too late to send/recv, messages will be lost


###!!! [Child][RunMessage] Error: Channel closing: too late to send/recv, messages will be lost

1635445995687	geckodriver	INFO	Listening on 127.0.0.1:61938
1635445998740	mozrunner::runner	INFO	Running command: "C:\\Program Files\\Mozilla Firefox\\firefox.exe" "--marionette" "-no-remote" "-profile" "C:\\Users\\RAIMUN~1\\AppData\\Local\\Temp\\rust_mozprofileeJJbVN"
1635445999549	Marionette	INFO	Marionette enabled
console.warn: SearchSettings: "get: No settings file exists, new profile?" (new NotFoundError("Could not open the file at C:\\Users\\Raimundo Silva\\AppData\\Local\\Temp\\rust_mozprofileeJJbVN\\search.json.mozlz4", (void 0)))
1635446004782	Marionette	INFO	Listening on port 61946
1635446005524	RemoteAgent	WARN	TLS certificate errors will be ignored for this session
JavaScript warning: https://static.xx.fbcdn.net/rsrc.php/v3iAmK4/yN/l/pt_BR/DQMlZMIyZtm.js?_nc_x=Ij3Wp8lg5Kz, line 20: WEBGL_debug_renderer_info is deprecated in Firefox and will be removed. Please use RENDERER.
1635446048982	Marionette	INFO	Stopped listening on port 61941635446050457	mozrunner::runner	INFO	Running command: "C:\\Program Files\\Mozilla Firefox\\firefox.exe" "--marionette" "-no-remote" "-profile" "C:\\Users\\RAIMUN~1\\AppData\\Local\\Temp\\rust_mozprofilekqPbrB"
1635446051098	Marionette	INFO	Marionette enabled
console.warn: SearchSettings: "get: No settings file exists, new profile?" (new NotFoundError("Could not open the file at C:\\Users\\Raimundo Silva\\AppData\\Local\\Temp\\rust_mozprofilekqPbrB\\search.json.mozlz4", (void 0)))
1635446056524	Marionette	INFO	Listening on port 62008
1635446057258	RemoteAgent	WARN	TLS certificate errors will be ignored for this session
JavaScript warning: https://static.xx.fbcdn.net/rsrc.php/v3iAmK4/yN/l/pt_BR/DQMlZMIyZtm.js?_nc_x=Ij3Wp8lg5Kz, line 20: WEBGL_debug_renderer_info is deprecated in Firefox and will be removed. Please use RENDERER.
1635446079533	Marionette	INFO	Stopped listening on port 62008
JavaScript error: resource:///modules/Interactions.jsm, line 201: NS_ERROR_FAILURE: Component returned failure code: 0x80004005 (NS_ERROR_FAILURE) [nsIUserIdleService.removeIdleObserver]

###!!! [Child][MessageChannel] Error: (msgtype=0x590008,name=PHttpChannel::Msg_DeletingChannel) Channel closing: too late to send/recv, messages will be lost


###!!! [Parent][MessageChannel] Error: (msgtype=0x39007A,name=PContent::Msg_DestroyBrowsingContextGroup) Closed channel: cannot send/recv


###!!! [Child][MessageChannel] Error: (msgtype=0x590007,name=PHttpChannel::Msg_RemoveCorsPreflightCacheEntry) Channel closing: too late to send/recv, messages will be lost


###!!! [Child][MessageChannel] Error: (msgtype=0x590008,name=PHttpChannel::Msg_DeletingChannel) Channel closing: too late to send/recv, messages will be lost


###!!! [Child][MessageChannel] Error: (msgtype=0x590007,name=PHttpChannel::Msg_RemoveCorsPreflightCacheEntry) Channel closing: too late to send/recv, messages will be lost


###!!! [Child][MessageChannel] Error: (msgtype=0x590008,name=PHttpChannel::Msg_DeletingChannel) Channel closing: too late to send/recv, messages will be lost

1635446086011	geckodriver	INFO	Listening on 127.0.0.1:62093
1635446089066	mozrunner::runner	INFO	Running command: "C:\\Program Files\\Mozilla Firefox\\firefox.exe" "--marionette" "-no-remote" "-profile" "C:\\Users\\RAIMUN~1\\AppData\\Local\\Temp\\rust_mozprofilelccVP3"
1635446089557	Marionette	INFO	Marionette enabled
console.warn: SearchSettings: "get: No settings file exists, new profile?" (new NotFoundError("Could not open the file at C:\\Users\\Raimundo Silva\\AppData\\Local\\Temp\\rust_mozprofilelccVP3\\search.json.mozlz4", (void 0)))
1635446094841	Marionette	INFO	Listening on port 62101
1635446095321	RemoteAgent	WARN	TLS certificate errors will be ignored for this session
JavaScript warning: https://static.xx.fbcdn.net/rsrc.php/v3iAmK4/yN/l/pt_BR/DQMlZMIyZtm.js?_nc_x=Ij3Wp8lg5Kz, line 20: WEBGL_debug_renderer_info is deprecated in Firefox and will be removed. Please use RENDERER.
1635446109428	Marionette	INFO	Stopped listening on port 62101
JavaScript error: resource:///modules/Interactions.jsm, line 201: NS_ERROR_FAILURE: Component returned failure code: 0x80004005 (NS_ERROR_FAILURE) [nsIUserIdleService.removeIdleObserver]
console.warn: TopSitesFeed: Failed to fetch data from Contile server: NetworkError when attempting to fetch resource.
1635446554267	geckodriver	INFO	Listening on 127.0.0.1:61997
1635446557357	mozrunner::runner	INFO	Running command: "C:\\Program Files\\Mozilla Firefox\\firefox.exe" "--marionette" "-no-remote" "-profile" "C:\\Users\\RAIMUN~1\\AppData\\Local\\Temp\\rust_mozprofileR9gia6"
1635446558139	Marionette	INFO	Marionette enabled
console.warn: SearchSettings: "get: No settings file exists, new profile?" (new NotFoundError("Could not open the file at C:\\Users\\Raimundo Silva\\AppData\\Local\\Temp\\rust_mozprofileR9gia6\\search.json.mozlz4", (void 0)))
1635446564539	Marionette	INFO	Listening on port 62005
1635446565113	RemoteAgent	WARN	TLS certificate errors will be ignored for this session
1635446600295	Marionette	INFO	Stopped listening on port 62005
JavaScript error: resource:///modules/Interactions.jsm, line 201: NS_ERROR_FAILURE: Component returned failure code: 0x80004005 (NS_ERROR_FAILURE) [nsIUserIdleService.removeIdleObserver]
console.warn: TopSitesFeed: Failed to fetch data from Contile server: NetworkError when attempting to fetch resource.
1635446638856	geckodriver	INFO	Listening on 127.0.0.1:62063
1635446641926	mozrunner::runner	INFO	Running command: "C:\\Program Files\\Mozilla Firefox\\firefox.exe" "--marionette" "-no-remote" "-profile" "C:\\Users\\RAIMUN~1\\AppData\\Local\\Temp\\rust_mozprofileRP54W1"
1635446642634	Marionette	INFO	Marionette enabled
console.warn: SearchSettings: "get: No settings file exists, new profile?" (new NotFoundError("Could not open the file at C:\\Users\\Raimundo Silva\\AppData\\Local\\Temp\\rust_mozprofileRP54W1\\search.json.mozlz4", (void 0)))
1635446647872	Marionette	INFO	Listening on port 62072
1635446648520	RemoteAgent	WARN	TLS certificate errors will be ignored for this session
1635446686912	Marionette	INFO	Stopped listening on port 62072
JavaScript error: resource:///modules/Interactions.jsm, line 201: NS_ERROR_FAILURE: Component returned failure code: 0x80004005 (NS_ERROR_FAILURE) [nsIUserIdleService.removeIdleObserver]
console.warn: TopSitesFeed: Failed to fetch data from Contile server: NetworkError when attempting to fetch resource.
1635448843384	geckodriver	INFO	Listening on 127.0.0.1:60343
1635448846530	mozrunner::runner	INFO	Running command: "C:\\Program Files\\Mozilla Firefox\\firefox.exe" "--marionette" "user-data-dir=C:\\Users\\Raimundo Silva\\AppData\\Mozilla\\Firefox\\Profiles" "-no-remote" "-profile" "C:\\Users\\RAIMUN~1\\AppData\\Local\\Temp\\rust_mozprofileI13jF0"
1635448848912	Marionette	INFO	Marionette enabled
console.warn: SearchSettings: "get: No settings file exists, new profile?" (new NotFoundError("Could not open the file at C:\\Users\\Raimundo Silva\\AppData\\Local\\Temp\\rust_mozprofileI13jF0\\search.json.mozlz4", (void 0)))
console.error: Region.jsm: "Error fetching region" (new Error("TIMEOUT", "resource://gre/modules/Region.jsm", 772))
console.error: Region.jsm: "Failed to fetch region" (new Error("TIMEOUT", "resource://gre/modules/Region.jsm", 419))
1635448863212	Marionette	INFO	Listening on port 60351
1635448863678	RemoteAgent	WARN	TLS certificate errors will be ignored for this session
1635448893586	Marionette	INFO	Stopped listening on port 60351
JavaScript error: resource:///modules/Interactions.jsm, line 201: NS_ERROR_FAILURE: Component returned failure code: 0x80004005 (NS_ERROR_FAILURE) [nsIUserIdleService.removeIdleObserver]
console.warn: TopSitesFeed: Failed to fetch data from Contile server: NetworkError when attempting to fetch resource.
[Parent 10680, IPC I/O Parent] WARNING: file /builds/worker/checkouts/gecko/ipc/chromium/src/base/process_util_win.cc:167
1635448894168	geckodriver	INFO	Listening on 127.0.0.1:60419
1635448897254	mozrunner::runner	INFO	Running command: "C:\\Program Files\\Mozilla Firefox\\firefox.exe" "--marionette" "user-data-dir=C:\\Users\\Raimundo Silva\\AppData\\Mozilla\\Firefox\\Profiles" "-no-remote" "-profile" "C:\\Users\\RAIMUN~1\\AppData\\Local\\Temp\\rust_mozprofilerl9o8B"
1635448897848	Marionette	INFO	Marionette enabled
console.warn: SearchSettings: "get: No settings file exists, new profile?" (new NotFoundError("Could not open the file at C:\\Users\\Raimundo Silva\\AppData\\Local\\Temp\\rust_mozprofilerl9o8B\\search.json.mozlz4", (void 0)))
1635448903493	Marionette	INFO	Listening on port 60427
1635448903836	RemoteAgent	WARN	TLS certificate errors will be ignored for this session
1635448922101	Marionette	INFO	Stopped listening on port 60427
JavaScript error: resource:///modules/Interactions.jsm, line 201: NS_ERROR_FAILURE: Component returned failure code: 0x80004005 (NS_ERROR_FAILURE) [nsIUserIdleService.removeIdleObserver]
console.warn: TopSitesFeed: Failed to fetch data from Contile server: NetworkError when attempting to fetch resource.
JavaScript error: chrome://remote/content/marionette/cert.js, line 55: NS_ERROR_NOT_AVAILABLE: Component returned failure code: 0x80040111 (NS_ERROR_NOT_AVAILABLE) [nsICertOverrideService.setDisableAllSecurityChecksAndLetAttackersInterceptMyData]
1635448925663	geckodriver	INFO	Listening on 127.0.0.1:60475
1635448928696	mozrunner::runner	INFO	Running command: "C:\\Program Files\\Mozilla Firefox\\firefox.exe" "--marionette" "user-data-dir=C:\\Users\\Raimundo Silva\\AppData\\Mozilla\\Firefox\\Profiles" "-no-remote" "-profile" "C:\\Users\\RAIMUN~1\\AppData\\Local\\Temp\\rust_mozprofileTJp2m1"
1635448930064	Marionette	INFO	Marionette enabled
console.warn: SearchSettings: "get: No settings file exists, new profile?" (new NotFoundError("Could not open the file at C:\\Users\\Raimundo Silva\\AppData\\Local\\Temp\\rust_mozprofileTJp2m1\\search.json.mozlz4", (void 0)))
1635448935780	Marionette	INFO	Listening on port 60483
1635448936285	RemoteAgent	WARN	TLS certificate errors will be ignored for this session
1635448940692	Marionette	INFO	Stopped listening on port 60483
JavaScript error: resource:///modules/Interactions.jsm, line 201: NS_ERROR_FAILURE: Component returned failure code: 0x80004005 (NS_ERROR_FAILURE) [nsIUserIdleService.removeIdleObserver]
JavaScript error: https://www.instagram.com/static/bundles/es6/ConsumerLibCommons.js/f912d5764d62.js, line 236: NS_ERROR_NOT_INITIALIZED: 
JavaScript error: resource://gre/modules/UrlClassifierListManager.jsm, line 691: TypeError: this.tablesData[table] is undefined
console.log: "RemoteSettingsWorker error: Error: Can't import when we've started shutting down."
1635448943630	geckodriver	INFO	Listening on 127.0.0.1:60541
1635448946737	mozrunner::runner	INFO	Running command: "C:\\Program Files\\Mozilla Firefox\\firefox.exe" "--marionette" "user-data-dir=C:\\Users\\Raimundo Silva\\AppData\\Mozilla\\Firefox" "-no-remote" "-profile" "C:\\Users\\RAIMUN~1\\AppData\\Local\\Temp\\rust_mozprofilerFlCOV"
1635448947448	Marionette	INFO	Marionette enabled
console.warn: SearchSettings: "get: No settings file exists, new profile?" (new NotFoundError("Could not open the file at C:\\Users\\Raimundo Silva\\AppData\\Local\\Temp\\rust_mozprofilerFlCOV\\search.json.mozlz4", (void 0)))
1635448953396	Marionette	INFO	Listening on port 60549
1635448953751	RemoteAgent	WARN	TLS certificate errors will be ignored for this session
1635448960237	Marionette	INFO	Stopped listening on port 60549
JavaScript error: resource:///modules/Interactions.jsm, line 201: NS_ERROR_FAILURE: Component returned failure code: 0x80004005 (NS_ERROR_FAILURE) [nsIUserIdleService.removeIdleObserver]
console.warn: TopSitesFeed: Failed to fetch data from Contile server: NetworkError when attempting to fetch resource.
JavaScript error: chrome://remote/content/marionette/cert.js, line 55: NS_ERROR_NOT_AVAILABLE: Component returned failure code: 0x80040111 (NS_ERROR_NOT_AVAILABLE) [nsICertOverrideService.setDisableAllSecurityChecksAndLetAttackersInterceptMyData]
JavaScript error: resource://gre/modules/UrlClassifierListManager.jsm, line 691: TypeError: this.tablesData[table] is undefined

###!!! [Child][RunMessage] Error: Channel closing: too late to send/recv, messages will be lost

1635448965285	geckodriver	INFO	Listening on 127.0.0.1:60603
1635448968388	mozrunner::runner	INFO	Running command: "C:\\Program Files\\Mozilla Firefox\\firefox.exe" "--marionette" "user-data-dir=C:\\Users\\Raimundo Silva\\AppData\\Mozilla\\Firefox" "-no-remote" "-profile" "C:\\Users\\RAIMUN~1\\AppData\\Local\\Temp\\rust_mozprofileh0V8yW"
1635448968943	Marionette	INFO	Marionette enabled
console.warn: SearchSettings: "get: No settings file exists, new profile?" (new NotFoundError("Could not open the file at C:\\Users\\Raimundo Silva\\AppData\\Local\\Temp\\rust_mozprofileh0V8yW\\search.json.mozlz4", (void 0)))
1635448974536	Marionette	INFO	Listening on port 60611
1635448975004	RemoteAgent	WARN	TLS certificate errors will be ignored for this session
1635448983771	Marionette	INFO	Stopped listening on port 60611
JavaScript error: resource:///modules/Interactions.jsm, line 201: NS_ERROR_FAILURE: Component returned failure code: 0x80004005 (NS_ERROR_FAILURE) [nsIUserIdleService.removeIdleObserver]
console.warn: TopSitesFeed: Failed to fetch data from Contile server: NetworkError when attempting to fetch resource.
JavaScript error: chrome://remote/content/marionette/cert.js, line 55: NS_ERROR_NOT_AVAILABLE: Component returned failure code: 0x80040111 (NS_ERROR_NOT_AVAILABLE) [nsICertOverrideService.setDisableAllSecurityChecksAndLetAttackersInterceptMyData]

###!!! [Child][RunMessage] Error: Channel closing: too late to send/recv, messages will be lost


###!!! [Child][RunMessage] Error: Channel closing: too late to send/recv, messages will be lost

[Parent 8368, IPC I/O Parent] WARNING: file /builds/worker/checkouts/gecko/ipc/chromium/src/base/process_util_win.cc:167
1635448985018	geckodriver	INFO	Listening on 127.0.0.1:60662
1635448988068	mozrunner::runner	INFO	Running command: "C:\\Program Files\\Mozilla Firefox\\firefox.exe" "--marionette" "user-data-dir=C:\\Users\\Raimundo Silva\\AppData\\Mozilla\\Firefox" "-no-remote" "-profile" "C:\\Users\\RAIMUN~1\\AppData\\Local\\Temp\\rust_mozprofileUXbYyJ"
1635448988715	Marionette	INFO	Marionette enabled
console.warn: SearchSettings: "get: No settings file exists, new profile?" (new NotFoundError("Could not open the file at C:\\Users\\Raimundo Silva\\AppData\\Local\\Temp\\rust_mozprofileUXbYyJ\\search.json.mozlz4", (void 0)))
1635448994285	Marionette	INFO	Listening on port 60670
1635448997047	RemoteAgent	WARN	TLS certificate errors will be ignored for this session
console.warn: SearchService: "_init: abandoning init due to shutting down"
JavaScript error: resource://gre/modules/AsyncShutdown.jsm, line 575: uncaught exception: 2147500036
JavaScript error: resource://gre/modules/AsyncShutdown.jsm, line 575: uncaught exception: 2147500036
JavaScript error: resource://gre/modules/AsyncShutdown.jsm, line 575: uncaught exception: 2147500036
JavaScript error: resource://gre/modules/AsyncShutdown.jsm, line 575: uncaught exception: 2147500036
JavaScript error: resource://gre/modules/AsyncShutdown.jsm, line 575: uncaught exception: 2147500036
JavaScript error: resource://gre/modules/AsyncShutdown.jsm, line 575: uncaught exception: 2147500036
JavaScript error: resource://gre/modules/AsyncShutdown.jsm, line 575: uncaught exception: 2147500036
JavaScript error: resource://gre/modules/AsyncShutdown.jsm, line 575: uncaught exception: 2147500036
1635449000233	Marionette	INFO	Stopped listening on port 60670
JavaScript error: resource:///modules/Interactions.jsm, line 201: NS_ERROR_FAILURE: Component returned failure code: 0x80004005 (NS_ERROR_FAILURE) [nsIUserIdleService.removeIdleObserver]
JavaScript error: chrome://remote/content/marionette/cert.js, line 55: NS_ERROR_NOT_AVAILABLE: Component returned failure code: 0x80040111 (NS_ERROR_NOT_AVAILABLE) [nsICertOverrideService.setDisableAllSecurityChecksAndLetAttackersInterceptMyData]
JavaScript error: https://www.instagram.com/static/bundles/es6/ConsumerLibCommons.js/f912d5764d62.js, line 236: NS_ERROR_NOT_INITIALIZED: 
JavaScript error: https://www.instagram.com/static/bundles/es6/ConsumerLibCommons.js/f912d5764d62.js, line 236: NS_ERROR_NOT_INITIALIZED: 
JavaScript error: resource://gre/modules/UrlClassifierListManager.jsm, line 691: TypeError: this.tablesData[table] is undefined
console.log: "RemoteSettingsWorker error: Error: Can't import when we've started shutting down."
JavaScript error: resource://gre/modules/CrashManager.jsm, line 829: AbortError: IOUtils: Shutting down and refusing additional I/O tasks
la Firefox\\firefox.exe" "--marionette" "user-data-dir=C:\\Users\\Raimundo Silva\\AppData\\Mozilla\\Firefox" "-no-remote" "-profile" "C:\\Users\\RAIMUN~1\\AppData\\Local\\Temp\\rust_mozprofile3rplwc"
1635449010986	Marionette	INFO	Marionette enabled
console.warn: SearchSettings: "get: No settings file exists, new profile?" (new NotFoundError("Could not open the file at C:\\Users\\Raimundo Silva\\AppData\\Local\\Temp\\rust_mozprofile3rplwc\\search.json.mozlz4", (void 0)))
1635449018665	Marionette	INFO	Listening on port 60727
1635449019265	RemoteAgent	WARN	TLS certificate errors will be ignored for this session
1635449034693	Marionette	INFO	Stopped listening on port 60727
JavaScript error: resource:///modules/Interactions.jsm, line 201: NS_ERROR_FAILURE: Component returned failure code: 0x80004005 (NS_ERROR_FAILURE) [nsIUserIdleService.removeIdleObserver]
console.warn: TopSitesFeed: Failed to fetch data from Contile server: NetworkError when attempting to fetch resource.
JavaScript error: chrome://remote/content/marionette/cert.js, line 55: NS_ERROR_NOT_AVAILABLE: Component returned failure code: 0x80040111 (NS_ERROR_NOT_AVAILABLE) [nsICertOverrideService.setDisableAllSecurityChecksAndLetAttackersInterceptMyData]

###!!! [Parent][MessageChannel] Error: (msgtype=0x39007A,name=PContent::Msg_DestroyBrowsingContextGroup) Closed channel: cannot send/recv


###!!! [Child][RunMessage] Error: Channel closing: too late to send/recv, messages will be lost


###!!! [Child][RunMessage] Error: Channel closing: too late to send/recv, messages will be lost


###!!! [Child][MessageChannel] Error: (msgtype=0x23002F,name=PBrowser::Msg___delete__) Channel closing: too late to send/recv, messages will be lost

1635449038140	geckodriver	INFO	Listening on 127.0.0.1:60777
1635449040850	mozrunner::runner	INFO	Running command: "C:\\Program Files\\Mozilla Firefox\\firefox.exe" "--marionette" "user-data-dir=C:\\Users\\Raimundo Silva\\AppData\\Mozilla\\Firefox" "-no-remote" "-profile" "C:\\Users\\RAIMUN~1\\AppData\\Local\\Temp\\rust_mozprofiletOl0p5"
1635449043314	Marionette	INFO	Marionette enabled
console.warn: SearchSettings: "get: No settings file exists, new profile?" (new NotFoundError("Could not open the file at C:\\Users\\Raimundo Silva\\AppData\\Local\\Temp\\rust_mozprofiletOl0p5\\search.json.mozlz4", (void 0)))
1635449049905	Marionette	INFO	Listening on port 60785
1635449050503	RemoteAgent	WARN	TLS certificate errors will be ignored for this session
1635449123262	Marionette	INFO	Stopped listening on port 60785
JavaScript error: resource:///modules/Interactions.jsm, line 201: NS_ERROR_FAILURE: Component returned failure code: 0x80004005 (NS_ERROR_FAILURE) [nsIUserIdleService.removeIdleObserver]
console.warn: TopSitesFeed: Failed to fetch data from Contile server: NetworkError when attempting to fetch resource.
ZLp4f"
1635449072611	Marionette	INFO	Marionette enabled
console.warn: SearchSettings: "get: No settings file exists, new profile?" (new NotFoundError("Could not open the file at C:\\Users\\Raimundo Silva\\AppData\\Local\\Temp\\rust_mozprofilexZLp4f\\search.json.mozlz4", (void 0)))
1635449079178	Marionette	INFO	Listening on port 60845
1635449079796	RemoteAgent	WARN	TLS certificate errors will be ignored for this session
1635449086254	Marionette	INFO	Stopped listening on port 60845
JavaScript error: resource:///modules/Interactions.jsm, line 201: NS_ERROR_FAILURE: Component returned failure code: 0x80004005 (NS_ERROR_FAILURE) [nsIUserIdleService.removeIdleObserver]
JavaScript error: chrome://remote/content/marionette/cert.js, line 55: NS_ERROR_NOT_AVAILABLE: Component returned failure code: 0x80040111 (NS_ERROR_NOT_AVAILABLE) [nsICertOverrideService.setDisableAllSecurityChecksAndLetAttackersInterceptMyData]
JavaScript error: resource://gre/modules/UrlClassifierListManager.jsm, line 691: TypeError: this.tablesData[table] is undefined
1635449093711	geckodriver	INFO	Listening on 127.0.0.1:60899
1635449096713	mozrunner::runner	INFO	Running command: "C:\\Program Files\\Mozilla Firefox\\firefox.exe" "--marionette" "user-data-dir=C:\\Users\\Raimundo Silva\\AppData\\Mozilla\\Firefox\\Profiles\\hjuo83z7.default-release-1" "-no-remote" "-profile" "C:\\Users\\RAIMUN~1\\AppData\\Local\\Temp\\rust_mozprofileKeOYpe"
1635449097596	Marionette	INFO	Marionette enabled
console.warn: SearchSettings: "get: No settings file exists, new profile?" (new NotFoundError("Could not open the file at C:\\Users\\Raimundo Silva\\AppData\\Local\\Temp\\rust_mozprofileKeOYpe\\search.json.mozlz4", (void 0)))
1635449103514	Marionette	INFO	Listening on port 60907
1635449104644	RemoteAgent	WARN	TLS certificate errors will be ignored for this session
1635449114400	Marionette	INFO	Stopped listening on port 60907
JavaScript error: resource:///modules/Interactions.jsm, line 201: NS_ERROR_FAILURE: Component returned failure code: 0x80004005 (NS_ERROR_FAILURE) [nsIUserIdleService.removeIdleObserver]
JavaScript error: resource://gre/modules/UrlClassifierListManager.jsm, line 691: TypeError: this.tablesData[table] is undefined
console.warn: TopSitesFeed: Failed to fetch data from Contile server: NetworkError when attempting to fetch resource.
JavaScript error: chrome://remote/content/marionette/cert.js, line 55: NS_ERROR_NOT_AVAILABLE: Component returned failure code: 0x80040111 (NS_ERROR_NOT_AVAILABLE) [nsICertOverrideService.setDisableAllSecurityChecksAndLetAttackersInterceptMyData]
1635449126596	geckodriver	INFO	Listening on 127.0.0.1:60962
1635449129606	mozrunner::runner	INFO	Running command: "C:\\Program Files\\Mozilla Firefox\\firefox.exe" "--marionette" "user-data-dir=C:\\Users\\Raimundo Silva\\AppData\\Mozilla\\Firefox\\Profiles\\hjuo83z7.default-release-1" "-no-remote" "-profile" "C:\\Users\\RAIMUN~1\\AppData\\Local\\Temp\\rust_mozprofiledyaCcG"
1635449146824	geckodriver	INFO	Listening on 127.0.0.1:60980
1635449149907	mozrunner::runner	INFO	Running command: "C:\\Program Files\\Mozilla Firefox\\firefox.exe" "--marionette" "user-data-dir=C:\\Users\\Raimundo Silva\\AppData\\Mozilla\\Firefox\\Profiles\\iohuul53.default-release" "-no-remote" "-profile" "C:\\Users\\RAIMUN~1\\AppData\\Local\\Temp\\rust_mozprofilenMZovz"
1635449150534	Marionette	INFO	Marionette enabled
console.warn: SearchSettings: "get: No settings file exists, new profile?" (new NotFoundError("Could not open the file at C:\\Users\\Raimundo Silva\\AppData\\Local\\Temp\\rust_mozprofilenMZovz\\search.json.mozlz4", (void 0)))
1635449156033	Marionette	INFO	Listening on port 60989
1635449156460	RemoteAgent	WARN	TLS certificate errors will be ignored for this session
1635449161321	Marionette	INFO	Stopped listening on port 60989
JavaScript error: resource:///modules/Interactions.jsm, line 201: NS_ERROR_FAILURE: Component returned failure code: 0x80004005 (NS_ERROR_FAILURE) [nsIUserIdleService.removeIdleObserver]

###!!! [Child][RunMessage] Error: Channel closing: too late to send/recv, messages will be lost

JavaScript error: chrome://remote/content/marionette/cert.js, line 55: NS_ERROR_NOT_AVAILABLE: Component returned failure code: 0x80040111 (NS_ERROR_NOT_AVAILABLE) [nsICertOverrideService.setDisableAllSecurityChecksAndLetAttackersInterceptMyData]
JavaScript error: resource://gre/modules/UrlClassifierListManager.jsm, line 691: TypeError: this.tablesData[table] is undefined

###!!! [Child][RunMessage] Error: Channel closing: too late to send/recv, messages will be lost


###!!! [Child][RunMessage] Error: Channel closing: too late to send/recv, messages will be lost

console.log: "RemoteSettingsWorker error: AbortError: IndexedDB:  execute() A request was aborted, for example through a call to IDBTransaction.abort."
1635449177592	geckodriver	INFO	Listening on 127.0.0.1:61036
1635449180658	mozrunner::runner	INFO	Running command: "C:\\Program Files\\Mozilla Firefox\\firefox.exe" "--marionette" "user-data-dir=C:\\Users\\Raimundo Silva\\AppData\\Mozilla" "-no-remote" "-profile" "C:\\Users\\RAIMUN~1\\AppData\\Local\\Temp\\rust_mozprofilesuP09T"
1635449181294	Marionette	INFO	Marionette enabled
console.warn: SearchSettings: "get: No settings file exists, new profile?" (new NotFoundError("Could not open the file at C:\\Users\\Raimundo Silva\\AppData\\Local\\Temp\\rust_mozprofilesuP09T\\search.json.mozlz4", (void 0)))
1635449186660	Marionette	INFO	Listening on port 61044
1635449187181	RemoteAgent	WARN	TLS certificate errors will be ignored for this session
1635449302890	Marionette	INFO	Stopped listening on port 61044
JavaScript error: resource:///modules/Interactions.jsm, line 201: NS_ERROR_FAILURE: Component returned failure code: 0x80004005 (NS_ERROR_FAILURE) [nsIUserIdleService.removeIdleObserver]
console.warn: TopSitesFeed: Failed to fetch data from Contile server: NetworkError when attempting to fetch resource.
